-------------------------------------------------------------------------------
Test set: Controller.AdminControllerTest
-------------------------------------------------------------------------------
Tests run: 1, Failures: 0, Errors: 1, Skipped: 0, Time elapsed: 1.453 s <<< FAILURE! - in Controller.AdminControllerTest
initializationError(Controller.AdminControllerTest)  Time elapsed: 0.014 s  <<< ERROR!
java.lang.IllegalStateException: Unable to find a @SpringBootConfiguration, you need to use @ContextConfiguration or @SpringBootTest(classes=...) with your test

